0 info it worked if it ends with ok
1 verbose cli [ '/home/rachelle/.nvm/versions/node/v6.7.0/bin/node',
1 verbose cli   '/home/rachelle/.nvm/versions/node/v6.7.0/bin/npm',
1 verbose cli   'start' ]
2 info using npm@3.10.3
3 info using node@v6.7.0
4 verbose run-script [ 'prestart', 'start', 'poststart' ]
5 info lifecycle student-grades-app@1.0.0~prestart: student-grades-app@1.0.0
6 silly lifecycle student-grades-app@1.0.0~prestart: no script for prestart, continuing
7 info lifecycle student-grades-app@1.0.0~start: student-grades-app@1.0.0
8 verbose lifecycle student-grades-app@1.0.0~start: unsafe-perm in lifecycle true
9 verbose lifecycle student-grades-app@1.0.0~start: PATH: /home/rachelle/.nvm/versions/node/v6.7.0/lib/node_modules/npm/bin/node-gyp-bin:/home/rachelle/webprojects/student-grades-app/node_modules/.bin:/home/rachelle/.nvm/versions/node/v6.7.0/bin:/home/rachelle/.nvm/versions/node/v6.7.0/bin:/usr/local/heroku/bin:/usr/local/sbin:/usr/local/bin:/usr/sbin:/usr/bin:/sbin:/bin:/usr/games:/usr/local/games:/snap/bin:/home/rachelle/.rvm/bin:/home/rachelle/.rvm/bin
10 verbose lifecycle student-grades-app@1.0.0~start: CWD: /home/rachelle/webprojects/student-grades-app
11 silly lifecycle student-grades-app@1.0.0~start: Args: [ '-c', 'babel . -d lib' ]
12 silly lifecycle student-grades-app@1.0.0~start: Returned: code: 1  signal: null
13 info lifecycle student-grades-app@1.0.0~start: Failed to exec start script
14 verbose stack Error: student-grades-app@1.0.0 start: `babel . -d lib`
14 verbose stack Exit status 1
14 verbose stack     at EventEmitter.<anonymous> (/home/rachelle/.nvm/versions/node/v6.7.0/lib/node_modules/npm/lib/utils/lifecycle.js:242:16)
14 verbose stack     at emitTwo (events.js:106:13)
14 verbose stack     at EventEmitter.emit (events.js:191:7)
14 verbose stack     at ChildProcess.<anonymous> (/home/rachelle/.nvm/versions/node/v6.7.0/lib/node_modules/npm/lib/utils/spawn.js:40:14)
14 verbose stack     at emitTwo (events.js:106:13)
14 verbose stack     at ChildProcess.emit (events.js:191:7)
14 verbose stack     at maybeClose (internal/child_process.js:877:16)
14 verbose stack     at Process.ChildProcess._handle.onexit (internal/child_process.js:226:5)
15 verbose pkgid student-grades-app@1.0.0
16 verbose cwd /home/rachelle/webprojects/student-grades-app
17 error Linux 4.4.0-57-generic
18 error argv "/home/rachelle/.nvm/versions/node/v6.7.0/bin/node" "/home/rachelle/.nvm/versions/node/v6.7.0/bin/npm" "start"
19 error node v6.7.0
20 error npm  v3.10.3
21 error code ELIFECYCLE
22 error student-grades-app@1.0.0 start: `babel . -d lib`
22 error Exit status 1
23 error Failed at the student-grades-app@1.0.0 start script 'babel . -d lib'.
23 error Make sure you have the latest version of node.js and npm installed.
23 error If you do, this is most likely a problem with the student-grades-app package,
23 error not with npm itself.
23 error Tell the author that this fails on your system:
23 error     babel . -d lib
23 error You can get information on how to open an issue for this project with:
23 error     npm bugs student-grades-app
23 error Or if that isn't available, you can get their info via:
23 error     npm owner ls student-grades-app
23 error There is likely additional logging output above.
24 verbose exit [ 1, true ]
